%!Adobe-FontList 1.23
%Locale:0x80a

%BeginFont
Handler:DirectoryHandler
FontType:Type1
FontName:SourceSerifVariable-Italic
FamilyName:Source Serif Variable
StyleName:Italic
FullName:Source Serif Variable Italic
MenuName:Source Serif Variable
FamilyPrefix:SourceSerifItalic
StyleBits:1
WritingScript:Roman
OutlineFileName:D:\Diseños Illustrator\Diseño Indesing\BOLETIN\Document fonts\SourceSerifVariable-Italic.otf
DataFormat:sfntData
UsesStandardEncoding:yes
isCFF:yes
hasSVG:no
VariableFontType:CFF2VariableFont
FileLength:296396
FileModTime:1660050820
WeightClass:389
WidthClass:5
AngleClass:1
DesignSize:100
NameArray:0,Win,1,Source Serif Variable
%EndFont

%BeginFont
Handler:DirectoryHandler
FontType:TrueType
FontName:TimesNewRomanPS-BoldItalicMT
FamilyName:Times New Roman
StyleName:Bold Italic
FullName:Times New Roman Bold Italic
MenuName:Times New Roman
StyleBits:3
WritingScript:Roman
OutlineFileName:D:\Diseños Illustrator\Diseño Indesing\BOLETIN\Document fonts\timesbi.ttf
DataFormat:sfntData
hasSVG:no
VariableFontType:NonVariableFont
FileLength:881860
FileModTime:1575709707
WeightClass:700
WidthClass:5
AngleClass:1
NameArray:0,Mac,4,Times New Roman Bold Italic
NameArray:0,Win,1,Times New Roman
%EndFont

%BeginFont
Handler:DirectoryHandler
FontType:TrueType
FontName:TimesNewRomanPS-ItalicMT
FamilyName:Times New Roman
StyleName:Italic
FullName:Times New Roman Italic
MenuName:Times New Roman
StyleBits:1
WritingScript:Roman
OutlineFileName:D:\Diseños Illustrator\Diseño Indesing\BOLETIN\Document fonts\timesi.ttf
DataFormat:sfntData
hasSVG:no
VariableFontType:NonVariableFont
FileLength:940288
FileModTime:1575709707
WeightClass:400
WidthClass:5
AngleClass:1
NameArray:0,Mac,4,Times New Roman Italic
NameArray:0,Win,1,Times New Roman
%EndFont

